SLF4J: Class path contains multiple SLF4J bindings.
SLF4J: Found binding in [jar:file:/home/kagao/project_jar/guideService-0.0.1-SNAPSHOT.jar!/BOOT-INF/lib/logback-classic-1.2.3.jar!/org/slf4j/impl/StaticLoggerBinder.class]
SLF4J: Found binding in [jar:file:/home/kagao/project_jar/guideService-0.0.1-SNAPSHOT.jar!/BOOT-INF/lib/slf4j-log4j12-1.7.25.jar!/org/slf4j/impl/StaticLoggerBinder.class]
SLF4J: See http://www.slf4j.org/codes.html#multiple_bindings for an explanation.
SLF4J: Actual binding is of type [ch.qos.logback.classic.util.ContextSelectorStaticBinder]

  .   ____          _            __ _ _
 /\\ / ___'_ __ _ _(_)_ __  __ _ \ \ \ \
( ( )\___ | '_ | '_| | '_ \/ _` | \ \ \ \
 \\/  ___)| |_)| | | | | || (_| |  ) ) ) )
  '  |____| .__|_| |_|_| |_\__, | / / / /
 =========|_|==============|___/=/_/_/_/
 :: Spring Boot ::        (v2.1.2.RELEASE)

2020-09-12 02:27:43.547  INFO 54266 --- [           main] p.x.D.DuerOS_dock_demoApplication        : Starting DuerOS_dock_demoApplication v0.0.1-SNAPSHOT on ubuntu with PID 54266 (/home/kagao/project_jar/guideService-0.0.1-SNAPSHOT.jar started by kagao in /home/kagao/project_jar)
2020-09-12 02:27:43.549  INFO 54266 --- [           main] p.x.D.DuerOS_dock_demoApplication        : No active profile set, falling back to default profiles: default
2020-09-12 02:27:45.606  INFO 54266 --- [           main] o.s.b.w.embedded.tomcat.TomcatWebServer  : Tomcat initialized with port(s): 8088 (http)
2020-09-12 02:27:45.658  INFO 54266 --- [           main] o.apache.catalina.core.StandardService   : Starting service [Tomcat]
2020-09-12 02:27:45.658  INFO 54266 --- [           main] org.apache.catalina.core.StandardEngine  : Starting Servlet engine: [Apache Tomcat/9.0.14]
2020-09-12 02:27:45.673  INFO 54266 --- [           main] o.a.catalina.core.AprLifecycleListener   : The APR based Apache Tomcat Native library which allows optimal performance in production environments was not found on the java.library.path: [/usr/java/packages/lib/amd64:/usr/lib/x86_64-linux-gnu/jni:/lib/x86_64-linux-gnu:/usr/lib/x86_64-linux-gnu:/usr/lib/jni:/lib:/usr/lib]
2020-09-12 02:27:45.795  INFO 54266 --- [           main] o.a.c.c.C.[Tomcat].[localhost].[/]       : Initializing Spring embedded WebApplicationContext
2020-09-12 02:27:45.795  INFO 54266 --- [           main] o.s.web.context.ContextLoader            : Root WebApplicationContext: initialization completed in 2176 ms
2020-09-12 02:27:46.573  INFO 54266 --- [           main] o.s.s.concurrent.ThreadPoolTaskExecutor  : Initializing ExecutorService 'applicationTaskExecutor'
2020-09-12 02:27:46.774  WARN 54266 --- [           main] ion$DefaultTemplateResolverConfiguration : Cannot find template location: classpath:/templates/ (please add some templates or check your Thymeleaf configuration)
2020-09-12 02:27:47.114  INFO 54266 --- [           main] o.s.b.w.embedded.tomcat.TomcatWebServer  : Tomcat started on port(s): 8088 (http) with context path ''
2020-09-12 02:27:47.122  INFO 54266 --- [           main] p.x.D.DuerOS_dock_demoApplication        : Started DuerOS_dock_demoApplication in 39.237 seconds (JVM running for 39.841)
2020-09-12 02:27:49.213  INFO 54266 --- [nio-8088-exec-1] o.a.c.c.C.[Tomcat].[localhost].[/]       : Initializing Spring DispatcherServlet 'dispatcherServlet'
2020-09-12 02:27:49.213  INFO 54266 --- [nio-8088-exec-1] o.s.web.servlet.DispatcherServlet        : Initializing Servlet 'dispatcherServlet'
2020-09-12 02:27:49.228  INFO 54266 --- [nio-8088-exec-1] o.s.web.servlet.DispatcherServlet        : Completed initialization in 15 ms
技能打开
技能打开
技能打开
技能打开
技能打开
技能打开
技能打开
需要引导至房间:201，等待确认
技能打开
got device ID:e53651a6c774e2989848606913bdc7a0
e53651a6c774e2989848606913bdc7a0
null
2020-09-12 02:28:37.301  INFO 54266 --- [nio-8088-exec-7] com.zaxxer.hikari.HikariDataSource       : HikariPool-1 - Starting...
2020-09-12 02:28:37.475  INFO 54266 --- [nio-8088-exec-7] com.zaxxer.hikari.HikariDataSource       : HikariPool-1 - Start completed.
引导需求已确认:201
id:8501a98609ea40e291225f2e66ae97db_DCS-10-201-43-29-8250-0912102836-1549664_0#1_0
技能打开
技能打开
技能打开
技能打开
技能打开
技能打开
技能打开
技能打开
技能打开
技能打开
技能打开
技能打开
技能打开
技能打开
技能打开
技能打开
技能打开
技能打开
技能打开
技能打开
技能打开
技能打开
技能打开
需要引导至房间:201，等待确认
技能打开
got device ID:e53651a6c774e2989848606913bdc7a0
e53651a6c774e2989848606913bdc7a0
null
即将返回数据:
target 201
deviceId e53651a6c774e2989848606913bdc7a0
type guide
apiType specific
productId HOTQY00SZ201704180503003
appname yimi
ts 1599877834876
sign 59d4df87433bf30e43e6eeaa2f9e0b65
{"errcode":0,"data":{"taskId":"41dedafd-0485-4c3c-92b1-fca686d770f3","type":"guide","start":"","target":"201","goback":true,"backToCaller":false,"password":"","opendoor":false,"forceCloseDoor":false,"gotoStartCallback":"","arriveStartCallback":"","gotoTargetCallback":"","arriveTargetCallback":"","successCallback":"","failCallback":"","notFetchedCallback":"","mobile":"","checkCharging":false,"checkNotFetched":false,"hasPhone":false,"phoneVoice":"","extraData":"","expired":false}}
---机器人调用成功---
引导需求已确认:201
id:9819fe6a4f584d9cb4cadf937734a351_DCS-10-201-42-50-8290-0912103033-1497510_0#1_0
无法识别的意图:是的
技能打开
技能打开
技能打开
技能打开
技能打开
技能打开
技能打开
技能打开
技能打开
技能打开
技能打开
技能打开
技能打开
技能打开
技能打开
技能打开
技能打开
技能打开
技能打开
技能打开
技能打开
技能打开
技能打开
技能打开
技能打开
技能打开
技能打开
技能打开
技能打开
技能打开
技能打开
技能打开
技能打开
技能打开
技能打开
技能打开
技能打开
技能打开
技能打开
技能打开
技能打开
技能打开
技能打开
技能打开
技能打开
技能打开
技能打开
技能打开
技能打开
技能打开
需要引导至房间:801，等待确认
got device ID:e53651a6c774e2989848606913bdc7a0
e53651a6c774e2989848606913bdc7a0
null
即将返回数据:
target 801
deviceId e53651a6c774e2989848606913bdc7a0
type guide
apiType specific
productId HOTQY00SZ201704180503003
appname yimi
ts 1599878321821
sign 251328c082de4ac4f9e83dfb172fe300
{"errcode":0,"data":{"taskId":"9993422b-4bf6-409b-a447-819c4131d140","type":"guide","start":"","target":"801","goback":true,"backToCaller":false,"password":"","opendoor":false,"forceCloseDoor":false,"gotoStartCallback":"","arriveStartCallback":"","gotoTargetCallback":"","arriveTargetCallback":"","successCallback":"","failCallback":"","notFetchedCallback":"","mobile":"","checkCharging":false,"checkNotFetched":false,"hasPhone":false,"phoneVoice":"","extraData":"","expired":false}}
---机器人调用成功---
引导需求已确认:801
id:193ef9f5e48948e68420e2747317044b_DCS-10-201-42-50-8290-0912103840-1508901_0#1_0
技能打开
技能打开
技能打开
技能打开
技能打开
技能打开
技能打开
技能打开
技能打开
技能打开
技能打开
技能打开
技能打开
技能打开
技能打开
技能打开
技能打开
技能打开
技能打开
技能打开
技能打开
技能打开
技能打开
技能打开
技能打开
技能打开
技能打开
技能打开
技能打开
技能打开
技能打开
技能打开
技能打开
技能打开
无法识别的意图:停
技能打开
技能打开
技能打开
技能打开
技能打开
技能打开
技能打开
技能打开
技能打开
技能打开
技能打开
技能打开
需要引导至房间:806，等待确认
got device ID:e53651a6c774e2989848606913bdc7a0
e53651a6c774e2989848606913bdc7a0
null
即将返回数据:
target 806
deviceId e53651a6c774e2989848606913bdc7a0
type guide
apiType specific
productId HOTQY00SZ201704180503003
appname yimi
ts 1599878601630
sign b002dbe02d6101eaa1ca516e5887b93f
{"errcode":0,"data":{"taskId":"a2d1e037-4d01-4bbd-bda5-217b9f30f449","type":"guide","start":"","target":"806","goback":true,"backToCaller":false,"password":"","opendoor":false,"forceCloseDoor":false,"gotoStartCallback":"","arriveStartCallback":"","gotoTargetCallback":"","arriveTargetCallback":"","successCallback":"","failCallback":"","notFetchedCallback":"","mobile":"","checkCharging":false,"checkNotFetched":false,"hasPhone":false,"phoneVoice":"","extraData":"","expired":false}}
---机器人调用成功---
引导需求已确认:806
id:d622fc37a80a4733ad230e0663d20158_DCS-10-201-42-50-8290-0912104320-1514832_0#1_0
技能打开
技能打开
技能打开
技能打开
技能打开
技能打开
技能打开
技能打开
技能打开
技能打开
技能打开
技能打开
技能打开
技能打开
技能打开
技能打开
技能打开
技能打开
技能打开
技能打开
技能打开
技能打开
技能打开
技能打开
技能打开
技能打开
技能打开
技能打开
技能打开
技能打开
技能打开
技能打开
技能打开
技能打开
技能打开
技能打开
技能打开
技能打开
技能打开
技能打开
技能打开
技能打开
技能打开
技能打开
技能打开
需要引导至房间:806，等待确认
技能打开
got device ID:e53651a6c774e2989848606913bdc7a0
e53651a6c774e2989848606913bdc7a0
null
即将返回数据:
target 806
deviceId e53651a6c774e2989848606913bdc7a0
type guide
apiType specific
productId HOTQY00SZ201704180503003
appname yimi
ts 1599879015008
sign 6e18653562f72ca66834938184775974
{"errcode":0,"data":{"taskId":"3be87305-e412-4823-83a5-40bb0ad012f6","type":"guide","start":"","target":"806","goback":true,"backToCaller":false,"password":"","opendoor":false,"forceCloseDoor":false,"gotoStartCallback":"","arriveStartCallback":"","gotoTargetCallback":"","arriveTargetCallback":"","successCallback":"","failCallback":"","notFetchedCallback":"","mobile":"","checkCharging":false,"checkNotFetched":false,"hasPhone":false,"phoneVoice":"","extraData":"","expired":false}}
---机器人调用成功---
引导需求已确认:806
id:6800fa08ecbd4bdea528800e11af41be_DCS-10-202-100-41-8200-0912105013-1514415_0#1_0
技能打开
技能打开
技能打开
技能打开
技能打开
技能打开
技能打开
技能打开
技能打开
技能打开
技能打开
技能打开
技能打开
技能打开
技能打开
技能打开
技能打开
技能打开
技能打开
技能打开
技能打开
技能打开
技能打开
技能打开
技能打开
技能打开
技能打开
技能打开
技能打开
技能打开
技能打开
技能打开
技能打开
技能打开
技能打开
技能打开
技能打开
技能打开
需要引导至房间:806，等待确认
got device ID:e53651a6c774e2989848606913bdc7a0
e53651a6c774e2989848606913bdc7a0
null
2020-09-12 02:55:51.320  WARN 54266 --- [nio-8088-exec-9] com.zaxxer.hikari.pool.PoolBase          : HikariPool-1 - Failed to validate connection com.mysql.cj.jdbc.ConnectionImpl@27cd6efc (No operations allowed after connection closed.). Possibly consider using a shorter maxLifetime value.
2020-09-12 02:55:51.330  WARN 54266 --- [nio-8088-exec-9] com.zaxxer.hikari.pool.PoolBase          : HikariPool-1 - Failed to validate connection com.mysql.cj.jdbc.ConnectionImpl@132094d5 (No operations allowed after connection closed.). Possibly consider using a shorter maxLifetime value.
2020-09-12 02:55:51.332  WARN 54266 --- [nio-8088-exec-9] com.zaxxer.hikari.pool.PoolBase          : HikariPool-1 - Failed to validate connection com.mysql.cj.jdbc.ConnectionImpl@5f56a2c3 (No operations allowed after connection closed.). Possibly consider using a shorter maxLifetime value.
2020-09-12 02:55:51.335  WARN 54266 --- [nio-8088-exec-9] com.zaxxer.hikari.pool.PoolBase          : HikariPool-1 - Failed to validate connection com.mysql.cj.jdbc.ConnectionImpl@439c5432 (No operations allowed after connection closed.). Possibly consider using a shorter maxLifetime value.
2020-09-12 02:55:51.335  WARN 54266 --- [nio-8088-exec-9] com.zaxxer.hikari.pool.PoolBase          : HikariPool-1 - Failed to validate connection com.mysql.cj.jdbc.ConnectionImpl@76f8e107 (No operations allowed after connection closed.). Possibly consider using a shorter maxLifetime value.
2020-09-12 02:55:51.337  WARN 54266 --- [nio-8088-exec-9] com.zaxxer.hikari.pool.PoolBase          : HikariPool-1 - Failed to validate connection com.mysql.cj.jdbc.ConnectionImpl@61695531 (No operations allowed after connection closed.). Possibly consider using a shorter maxLifetime value.
2020-09-12 02:55:51.433  WARN 54266 --- [nio-8088-exec-9] com.zaxxer.hikari.pool.PoolBase          : HikariPool-1 - Failed to validate connection com.mysql.cj.jdbc.ConnectionImpl@b43a365 (No operations allowed after connection closed.). Possibly consider using a shorter maxLifetime value.
2020-09-12 02:55:51.436  WARN 54266 --- [nio-8088-exec-9] com.zaxxer.hikari.pool.PoolBase          : HikariPool-1 - Failed to validate connection com.mysql.cj.jdbc.ConnectionImpl@2adf5bfb (No operations allowed after connection closed.). Possibly consider using a shorter maxLifetime value.
2020-09-12 02:55:51.436  WARN 54266 --- [nio-8088-exec-9] com.zaxxer.hikari.pool.PoolBase          : HikariPool-1 - Failed to validate connection com.mysql.cj.jdbc.ConnectionImpl@1b9e677e (No operations allowed after connection closed.). Possibly consider using a shorter maxLifetime value.
2020-09-12 02:55:51.437  WARN 54266 --- [nio-8088-exec-9] com.zaxxer.hikari.pool.PoolBase          : HikariPool-1 - Failed to validate connection com.mysql.cj.jdbc.ConnectionImpl@307579e1 (No operations allowed after connection closed.). Possibly consider using a shorter maxLifetime value.
即将返回数据:
target 806
deviceId e53651a6c774e2989848606913bdc7a0
type guide
apiType specific
productId HOTQY00SZ201704180503003
appname yimi
ts 1599879351464
sign c01dba513533c072e0eb8a304e5e6b80
{"errcode":0,"data":{"taskId":"01391bf1-854d-48fb-81c4-a6d402527dc3","type":"guide","start":"","target":"806","goback":true,"backToCaller":false,"password":"","opendoor":false,"forceCloseDoor":false,"gotoStartCallback":"","arriveStartCallback":"","gotoTargetCallback":"","arriveTargetCallback":"","successCallback":"","failCallback":"","notFetchedCallback":"","mobile":"","checkCharging":false,"checkNotFetched":false,"hasPhone":false,"phoneVoice":"","extraData":"","expired":false}}
---机器人调用成功---
引导需求已确认:806
id:b0c60ea6ccfb4e50837e7907f7b2d75f_DCS-10-201-42-50-8290-0912105550-1528132_0#1_0
技能打开
技能打开
技能打开
技能打开
技能打开
技能打开
技能打开
